app/build/outputs/logs/manifest-merger-debug-report.txt
-- Merging decision tree log ---
manifest
ADDED from src/main/AndroidManifest.xml:2:1-49:12
	package
		ADDED from src/main/AndroidManifest.xml:3:7-47
		INJECTED from src/main/AndroidManifest.xml
		INJECTED from src/main/AndroidManifest.xml
	android:versionName
		ADDED from src/main/AndroidManifest.xml:4:63-90
		INJECTED from src/main/AndroidManifest.xml
		INJECTED from src/main/AndroidManifest.xml
	android:versionCode
		ADDED from src/main/AndroidManifest.xml:4:38-62
		INJECTED from src/main/AndroidManifest.xml
		INJECTED from src/main/AndroidManifest.xml
	xmlns:android
		ADDED from src/main/AndroidManifest.xml:2:11-69
	android:installLocation
		ADDED from src/main/AndroidManifest.xml:4:7-37
uses-permission#android.permission.WRITE_EXTERNAL_STORAGE
ADDED from src/main/AndroidManifest.xml:5:5-81
	android:name
		ADDED from src/main/AndroidManifest.xml:5:22-78
uses-feature#android.hardware.faketouch
ADDED from src/main/AndroidManifest.xml:6:5-88
	android:required
		ADDED from src/main/AndroidManifest.xml:6:61-85
	android:name
		ADDED from src/main/AndroidManifest.xml:6:19-60
uses-feature#android.hardware.touchscreen
ADDED from src/main/AndroidManifest.xml:7:5-90
	android:required
		ADDED from src/main/AndroidManifest.xml:7:63-87
	android:name
		ADDED from src/main/AndroidManifest.xml:7:19-62
uses-sdk
ADDED from src/main/AndroidManifest.xml:8:2-69
	android:targetSdkVersion
		ADDED from src/main/AndroidManifest.xml:8:38-67
		INJECTED from src/main/AndroidManifest.xml
		INJECTED from src/main/AndroidManifest.xml
	android:minSdkVersion
		ADDED from src/main/AndroidManifest.xml:8:12-37
		INJECTED from src/main/AndroidManifest.xml
		INJECTED from src/main/AndroidManifest.xml
supports-screens
ADDED from src/main/AndroidManifest.xml:9:2-14:59
	android:largeScreens
		ADDED from src/main/AndroidManifest.xml:10:3-30
	android:smallScreens
		ADDED from src/main/AndroidManifest.xml:12:3-30
	android:normalScreens
		ADDED from src/main/AndroidManifest.xml:11:3-31
	android:xlargeScreens
		ADDED from src/main/AndroidManifest.xml:14:29-57
	android:resizeable
		ADDED from src/main/AndroidManifest.xml:14:3-28
	android:anyDensity
		ADDED from src/main/AndroidManifest.xml:13:3-28
application
ADDED from src/main/AndroidManifest.xml:15:2-48:16
	android:label
		ADDED from src/main/AndroidManifest.xml:15:45-77
	android:allowTaskReparenting
		ADDED from src/main/AndroidManifest.xml:15:159-195
	android:icon
		ADDED from src/main/AndroidManifest.xml:15:15-44
	android:description
		ADDED from src/main/AndroidManifest.xml:15:113-158
	android:name
		ADDED from src/main/AndroidManifest.xml:15:78-112
activity#com.gpfcomics.android.cryptnos.CryptnosMainMenu
ADDED from src/main/AndroidManifest.xml:16:9-23:20
	android:clearTaskOnLaunch
		ADDED from src/main/AndroidManifest.xml:17:90-122
	android:label
		ADDED from src/main/AndroidManifest.xml:17:19-51
	android:stateNotNeeded
		ADDED from src/main/AndroidManifest.xml:17:123-152
	android:excludeFromRecents
		ADDED from src/main/AndroidManifest.xml:18:54-87
	android:alwaysRetainTaskState
		ADDED from src/main/AndroidManifest.xml:17:52-89
	android:theme
		ADDED from src/main/AndroidManifest.xml:18:10-53
	android:name
		ADDED from src/main/AndroidManifest.xml:16:19-51
intent-filter#android.intent.action.MAIN+android.intent.category.LAUNCHER
ADDED from src/main/AndroidManifest.xml:19:13-22:29
action#android.intent.action.MAIN
ADDED from src/main/AndroidManifest.xml:20:17-69
	android:name
		ADDED from src/main/AndroidManifest.xml:20:25-66
category#android.intent.category.LAUNCHER
ADDED from src/main/AndroidManifest.xml:21:17-77
	android:name
		ADDED from src/main/AndroidManifest.xml:21:27-74
activity#com.gpfcomics.android.cryptnos.AboutActivity
ADDED from src/main/AndroidManifest.xml:25:6-253
	android:label
		ADDED from src/main/AndroidManifest.xml:25:172-207
	android:stateNotNeeded
		ADDED from src/main/AndroidManifest.xml:25:105-134
	android:excludeFromRecents
		ADDED from src/main/AndroidManifest.xml:25:71-104
	android:exported
		ADDED from src/main/AndroidManifest.xml:25:46-70
	android:allowTaskReparenting
		ADDED from src/main/AndroidManifest.xml:25:135-171
	android:finishOnTaskLaunch
		ADDED from src/main/AndroidManifest.xml:25:208-241
	android:name
		ADDED from src/main/AndroidManifest.xml:25:16-45
activity#com.gpfcomics.android.cryptnos.EditParametersActivity
ADDED from src/main/AndroidManifest.xml:26:3-296
	android:label
		ADDED from src/main/AndroidManifest.xml:26:13-47
	android:stateNotNeeded
		ADDED from src/main/AndroidManifest.xml:26:158-187
	android:excludeFromRecents
		ADDED from src/main/AndroidManifest.xml:26:251-284
	android:exported
		ADDED from src/main/AndroidManifest.xml:26:226-250
	android:allowTaskReparenting
		ADDED from src/main/AndroidManifest.xml:26:87-123
	android:alwaysRetainTaskState
		ADDED from src/main/AndroidManifest.xml:26:188-225
	android:finishOnTaskLaunch
		ADDED from src/main/AndroidManifest.xml:26:124-157
	android:name
		ADDED from src/main/AndroidManifest.xml:26:48-86
activity#com.gpfcomics.android.cryptnos.HelpActivity
ADDED from src/main/AndroidManifest.xml:27:3-319
	android:clearTaskOnLaunch
		ADDED from src/main/AndroidManifest.xml:27:172-204
	android:label
		ADDED from src/main/AndroidManifest.xml:27:235-269
	android:stateNotNeeded
		ADDED from src/main/AndroidManifest.xml:27:205-234
	android:excludeFromRecents
		ADDED from src/main/AndroidManifest.xml:27:138-171
	android:exported
		ADDED from src/main/AndroidManifest.xml:27:42-66
	android:allowTaskReparenting
		ADDED from src/main/AndroidManifest.xml:27:67-103
	android:alwaysRetainTaskState
		ADDED from src/main/AndroidManifest.xml:27:270-307
	android:finishOnTaskLaunch
		ADDED from src/main/AndroidManifest.xml:27:104-137
	android:name
		ADDED from src/main/AndroidManifest.xml:27:13-41
activity#com.gpfcomics.android.cryptnos.SiteListActivity
ADDED from src/main/AndroidManifest.xml:28:3-327
	android:clearTaskOnLaunch
		ADDED from src/main/AndroidManifest.xml:28:148-180
	android:label
		ADDED from src/main/AndroidManifest.xml:28:252-290
	android:stateNotNeeded
		ADDED from src/main/AndroidManifest.xml:28:13-42
	android:excludeFromRecents
		ADDED from src/main/AndroidManifest.xml:28:43-76
	android:exported
		ADDED from src/main/AndroidManifest.xml:28:291-315
	android:allowTaskReparenting
		ADDED from src/main/AndroidManifest.xml:28:181-217
	android:alwaysRetainTaskState
		ADDED from src/main/AndroidManifest.xml:28:110-147
	android:finishOnTaskLaunch
		ADDED from src/main/AndroidManifest.xml:28:218-251
	android:name
		ADDED from src/main/AndroidManifest.xml:28:77-109
activity#com.gpfcomics.android.cryptnos.GenerateExistingActivity
ADDED from src/main/AndroidManifest.xml:29:3-336
	android:clearTaskOnLaunch
		ADDED from src/main/AndroidManifest.xml:29:72-104
	android:label
		ADDED from src/main/AndroidManifest.xml:29:217-256
	android:stateNotNeeded
		ADDED from src/main/AndroidManifest.xml:29:257-286
	android:excludeFromRecents
		ADDED from src/main/AndroidManifest.xml:29:13-46
	android:exported
		ADDED from src/main/AndroidManifest.xml:29:47-71
	android:allowTaskReparenting
		ADDED from src/main/AndroidManifest.xml:29:105-141
	android:alwaysRetainTaskState
		ADDED from src/main/AndroidManifest.xml:29:287-324
	android:finishOnTaskLaunch
		ADDED from src/main/AndroidManifest.xml:29:142-175
	android:name
		ADDED from src/main/AndroidManifest.xml:29:176-216
activity#com.gpfcomics.android.cryptnos.ExportActivity
ADDED from src/main/AndroidManifest.xml:30:3-375
	android:clearTaskOnLaunch
		ADDED from src/main/AndroidManifest.xml:30:263-295
	android:enabled
		ADDED from src/main/AndroidManifest.xml:30:51-73
	android:label
		ADDED from src/main/AndroidManifest.xml:30:327-363
	android:stateNotNeeded
		ADDED from src/main/AndroidManifest.xml:30:196-225
	android:excludeFromRecents
		ADDED from src/main/AndroidManifest.xml:30:162-195
	android:multiprocess
		ADDED from src/main/AndroidManifest.xml:30:108-136
	android:exported
		ADDED from src/main/AndroidManifest.xml:30:137-161
	android:allowTaskReparenting
		ADDED from src/main/AndroidManifest.xml:30:226-262
	android:alwaysRetainTaskState
		ADDED from src/main/AndroidManifest.xml:30:13-50
	android:finishOnTaskLaunch
		ADDED from src/main/AndroidManifest.xml:30:74-107
	android:name
		ADDED from src/main/AndroidManifest.xml:30:296-326
activity#com.gpfcomics.android.cryptnos.ImportActivity
ADDED from src/main/AndroidManifest.xml:31:3-375
	android:clearTaskOnLaunch
		ADDED from src/main/AndroidManifest.xml:31:175-207
	android:enabled
		ADDED from src/main/AndroidManifest.xml:31:208-230
	android:label
		ADDED from src/main/AndroidManifest.xml:31:327-363
	android:stateNotNeeded
		ADDED from src/main/AndroidManifest.xml:31:145-174
	android:excludeFromRecents
		ADDED from src/main/AndroidManifest.xml:31:82-115
	android:multiprocess
		ADDED from src/main/AndroidManifest.xml:31:116-144
	android:exported
		ADDED from src/main/AndroidManifest.xml:31:231-255
	android:allowTaskReparenting
		ADDED from src/main/AndroidManifest.xml:31:290-326
	android:alwaysRetainTaskState
		ADDED from src/main/AndroidManifest.xml:31:44-81
	android:finishOnTaskLaunch
		ADDED from src/main/AndroidManifest.xml:31:256-289
	android:name
		ADDED from src/main/AndroidManifest.xml:31:13-43
activity#com.gpfcomics.android.cryptnos.HelpMenuActivity
ADDED from src/main/AndroidManifest.xml:32:3-375
	android:clearTaskOnLaunch
		ADDED from src/main/AndroidManifest.xml:32:256-288
	android:enabled
		ADDED from src/main/AndroidManifest.xml:32:175-197
	android:label
		ADDED from src/main/AndroidManifest.xml:32:47-81
	android:stateNotNeeded
		ADDED from src/main/AndroidManifest.xml:32:111-140
	android:excludeFromRecents
		ADDED from src/main/AndroidManifest.xml:32:141-174
	android:multiprocess
		ADDED from src/main/AndroidManifest.xml:32:82-110
	android:exported
		ADDED from src/main/AndroidManifest.xml:32:231-255
	android:allowTaskReparenting
		ADDED from src/main/AndroidManifest.xml:32:327-363
	android:alwaysRetainTaskState
		ADDED from src/main/AndroidManifest.xml:32:289-326
	android:finishOnTaskLaunch
		ADDED from src/main/AndroidManifest.xml:32:13-46
	android:name
		ADDED from src/main/AndroidManifest.xml:32:198-230
activity#com.gpfcomics.android.cryptnos.AdvancedSettingsActivity
ADDED from src/main/AndroidManifest.xml:33:3-104
	android:label
		ADDED from src/main/AndroidManifest.xml:33:13-51
	android:name
		ADDED from src/main/AndroidManifest.xml:33:52-92
activity#com.gpfcomics.android.cryptnos.QRViewActivity
ADDED from src/main/AndroidManifest.xml:34:3-88
	android:label
		ADDED from src/main/AndroidManifest.xml:34:13-45
	android:name
		ADDED from src/main/AndroidManifest.xml:34:46-76
service#com.gpfcomics.android.cryptnos.KeyboardEntry
ADDED from src/main/AndroidManifest.xml:36:3-47:13
	android:label
		ADDED from src/main/AndroidManifest.xml:38:4-41
	android:permission
		ADDED from src/main/AndroidManifest.xml:39:4-61
	android:name
		ADDED from src/main/AndroidManifest.xml:37:4-33
meta-data#android.view.im
ADDED from src/main/AndroidManifest.xml:40:4-42:38
	android:resource
		ADDED from src/main/AndroidManifest.xml:42:5-35
	android:name
		ADDED from src/main/AndroidManifest.xml:41:5-35
intent-filter#android.view.InputMethod
ADDED from src/main/AndroidManifest.xml:44:4-46:20
action#android.view.InputMethod
ADDED from src/main/AndroidManifest.xml:45:5-55
	android:name
		ADDED from src/main/AndroidManifest.xml:45:13-52